>>>>>>>>>>>>>>>>>>>>>>>>>>>>
2022 Jun 16 (Thu):  14:24:52
>>>>>>>>>>>>>>>>>>>>>>>>>>>>

======================================================
 - pinning rule in use   : PINNING_RULE_MCALC_SKIP_ALL
 - desired group         : 0, sockets = 0
 - num cores available   : 8
 - num accessible procs          : 8
 - num logical procs             : 8
 - affinity (main thread)        : 1111 1111 
 - sockets                       : 0
 - potential cores               : 0,2,4,6
 - affinity                      : 1111
 - active cores          : 0,2,4,6
 - hyperthreading        : on
 - allowed core ids      : 0,2,4,6
 - allowed core ids (aff): 1010 1010 
 - used mask (string)    : 1010 1010 
======================================================

Version: 2021.1 Release from 2020-11-10 (change 826605) [Release]
Started @ 2022 Jun 16 (Thu):  14:24:52
Workflow: Port plane extraction
Operation: [acis, pba, bg, port-extract]
Architecture: Windows, ID: AMD64
System Windows-64bit
Using processor group 0/1
HEX Mesh information:
[Global mesh]
	global O(0 0 0) 	global S(109 110 37) Z(443629)
===============================
Port preparation
Version 2021.1 (build 20201110)
PBA version 0
Sub-Workflow: Port-Extraction
Workflow updated: -
2022 Jun 16 (Thu):  14:24:52
===============================

==========================
Finished port preparation.
==========================

<<<<<<<<<<<<<<<<<<<<<<<<<<<<<<<<<<<<<<<<<<<<
2022 Jun 16 (Thu):  14:24:52
Resource usage for extracting port geometry:
<<<<<<<<<<<<<<<<<<<<<<<<<<<<<<<<<<<<<<<<<<<<

>>>>>>>>>>>>>>>>>>>>>>>>>>>>
2022 Jun 16 (Thu):  14:25:07
>>>>>>>>>>>>>>>>>>>>>>>>>>>>

======================================================
 - pinning rule in use   : PINNING_RULE_MCALC_SKIP_ALL
 - desired group         : 0, sockets = 0
 - num cores available   : 8
 - num accessible procs          : 8
 - num logical procs             : 8
 - affinity (main thread)        : 1111 1111 
 - sockets                       : 0
 - potential cores               : 0,2,4,6
 - affinity                      : 1111
 - active cores          : 0,2,4,6
 - hyperthreading        : on
 - allowed core ids      : 0,2,4,6
 - allowed core ids (aff): 1010 1010 
 - used mask (string)    : 1010 1010 
======================================================

Version: 2021.1 Release from 2020-11-10 (change 826605) [Release]
Started @ 2022 Jun 16 (Thu):  14:25:07
Workflow: PBA matrix coefficients
Operation: [acis, fpba, meshfill, bg, port-path, port-domain, tst, tst-nextgen, coeff, surface-imp]
Architecture: Windows, ID: AMD64
System Windows-64bit
Using processor group 0/1
HEX Mesh information:
[Global mesh]
	global O(0 0 0) 	global S(69 4 22) Z(6071)
===============================
Matrix computation (PBA)
	[PBA version: default]
Version 2021.1 (build 20201110)
PBA version 0
Sub-Workflow: FARM-1x1-TST2
Workflow updated: -
2022 Jun 16 (Thu):  14:25:07
===============================

----------------------------------------------
Used point accuracy enhancement value: 75.00%.
----------------------------------------------

==============================================================================================================================================================================================================================
== CST Matrix Calculation Priority Log                                                                                                                                                                                      ==
==============================================================================================================================================================================================================================
 
Priorities are sorted in ascending order beginning with the lowest priority
 
Priority-group:   1, shape   4: </cst/Boundaries/> Low^X,   material: $NFSMaterial$,  user-priority: 0,  material-attributes: normal.vacuum,  shape-attributes: boundary,   
Priority-group:   1, shape   5: </cst/Boundaries/> Low^Y,   material: $NFSMaterial$,  user-priority: 0,  material-attributes: normal.vacuum,  shape-attributes: boundary,   
Priority-group:   1, shape   6: </cst/Boundaries/> Low^Z,   material: $NFSMaterial$,  user-priority: 0,  material-attributes: normal.vacuum,  shape-attributes: boundary,   
Priority-group:   1, shape   7: </cst/Boundaries/> Up^X,    material: $NFSMaterial$,  user-priority: 0,  material-attributes: normal.vacuum,  shape-attributes: boundary,   
Priority-group:   1, shape   8: </cst/Boundaries/> Up^Y,    material: $NFSMaterial$,  user-priority: 0,  material-attributes: normal.vacuum,  shape-attributes: boundary,   
Priority-group:   1, shape   9: </cst/Boundaries/> Up^Z,    material: $NFSMaterial$,  user-priority: 0,  material-attributes: normal.vacuum,  shape-attributes: boundary,   
Priority-group:   2, shape   2: component1:SUBSTRATE__1_0,  material: Rogers RT5880 (lossy),  user-priority: 0,  2D/3D-geometry: true, material-attributes: dispersive-eps.dispersive-mue.normal,   shape-attributes: solid,  
Priority-group:   3, shape   1: component1:ANTENNA__1_1,    material: Silver, user-priority: 0,  2D/3D-geometry: true, material-attributes: pec.rho.surface-impedance,  shape-attributes: solid,  
Priority-group:   3, shape   3: component1:ANTENNA__1_1 (Lump 2),   material: Silver, user-priority: 0,  2D/3D-geometry: true, material-attributes: pec.rho.surface-impedance,  shape-attributes: solid,  
 
==============================================================================================================================================================================================================================
 
================================================================================================
General settings
	PBA version: default
------------------------------------------------------------------------------------------------
Geometry processor:default
	Geo accuracy: 75.000000
	PEC background is represented by CAD geometry: false
	Watertightness check: true
	Self intersection check: false
	Inheritance (all): false
	Normal dominance (all): false
	Normal dominance (ports): false
	Flanges hollow: true
	One shape per flange: false
------------------------------------------------------------------------------------------------
Connectivity settings
	Workflow selection: 0
	Workflow version: 20180101
	Gap detection: true
	Gap detection version: 2
	TST version: 2
	QQ workflow: true
	CoCo workflow: true
	Legacy topology: false
	Connectivity check: false
------------------------------------------------------------------------------------------------
Geometry processing log
	no entries
================================================================================================
FARM allocation scheme: BBM
Gap-Detection activated for FARM-topology. Gaps are resolved, even partially.: gap tolerance value is 0.001 and mesh geometry scale is 0.001

Port homogenization method: M2H point index deviation
ccccccccccccccccccccccccccccccccccccccccccccccccccccccccccccccccccccc
FARM/Meshfill cache is set to 8 (local FI domains: 1, dynamic: false)
ccccccccccccccccccccccccccccccccccccccccccccccccccccccccccccccccccccc

=============================================================
Hex cell analyzer settings:
	max number of E fields per mesh edge: 2
	max number of H fields per mesh face: 4
	supporting dual grid: false
	performance improvement: ROI limit: true
	performance improvement: ROI threshold: 2
	performance improvement: single topology extraction: true
	performance improvement: pre-categorize cell volume: true
	periodic align: 0
	periodic cells: true
	homogenization version: pid
=============================================================

------------------------------------------------------------------------------
+++++++++++++++++++++++++++++++++++++++++++++++++++++
settings for port mode calculation
+++++++++++++++++++++++++++++++++++++++++++++++++++++
PBA fill limit is applied in inverse mode.
PBA fill limit is applied on faces filled with at least 99.00% metal material.
--------------------------------------------------------------
detailed accuracy settings:
--------------------------------------------------------------
augmented fill limit:       true
augmented fill limit value: 99.00
automatic fill limit:       true
early fill limit:           true
inverse fill limit:         true
model complexity:           0.00
legacy 2015:                false
fixed point accuracy:       false
minimum point accuracy:     0
mesh step inheritance:      false
accuracy mode:              
------------------------------------------------------------------------------

--------------------------------------
Glued 0 metal grid points in port area
--------------------------------------

=================================
Finished matrix computation (PBA)
=================================

<<<<<<<<<<<<<<<<<<<<<<<<<<<<<<<<<<<<<<<<<<<<<<<<<<<<<<<<
2022 Jun 16 (Thu):  14:25:09
Resource usage for calculating matrix coefficients:
	Runtime                                 1.75 seconds
	Peak Memory Usage:                        53 MB
<<<<<<<<<<<<<<<<<<<<<<<<<<<<<<<<<<<<<<<<<<<<<<<<<<<<<<<<

--------------------------------
# of staircase filled cells: 0
# of staircase filled areas: 0
# of staircase filled edges: 0
# of faces above fill limit: 0
# of edges with FPBA topology: 0
--------------------------------

>>>>>>>>>>>>>>>>>>>>>>>>>>>>
2022 Jun 16 (Thu):  14:25:10
>>>>>>>>>>>>>>>>>>>>>>>>>>>>

======================================================
 - pinning rule in use   : PINNING_RULE_MCALC_SKIP_ALL
 - desired group         : 0, sockets = 0
 - num cores available   : 8
 - num accessible procs          : 8
 - num logical procs             : 8
 - affinity (main thread)        : 1111 1111 
 - sockets                       : 0
 - potential cores               : 0,2,4,6
 - affinity                      : 1111
 - active cores          : 0,2,4,6
 - hyperthreading        : on
 - allowed core ids      : 0,2,4,6
 - allowed core ids (aff): 1010 1010 
 - used mask (string)    : 1010 1010 
======================================================

Version: 2021.1 Release from 2020-11-10 (change 826605) [Release]
Started @ 2022 Jun 16 (Thu):  14:25:10
Workflow: QQ-Facets
Operation: [acis, fpba, bg]
Architecture: Windows, ID: AMD64
System Windows-64bit
Using processor group 0/1
HEX Mesh information:
[Global mesh]
	global O(0 0 0) 	global S(109 110 37) Z(443629)
========================================================================
Processing CAD model (for field results)
	[Improved internal geometry representation]
	[Accuracy improvement for long shapes in inhomogeneous mesh regions]
Version 2021.1 (build 20201110)
PBA version 0
Sub-Workflow: Facets-QQ-GEX
Workflow updated: -
2022 Jun 16 (Thu):  14:25:10
========================================================================

===========================================
Finished CAD processing (for field results)
===========================================

<<<<<<<<<<<<<<<<<<<<<<<<<<<<<<<<<<<<<<<<
2022 Jun 16 (Thu):  14:25:11
Resource usage for processing CAD model:
<<<<<<<<<<<<<<<<<<<<<<<<<<<<<<<<<<<<<<<<

>>>>>>>>>>>>>>>>>>>>>>>>>>>>
2022 Jun 16 (Thu):  14:25:11
>>>>>>>>>>>>>>>>>>>>>>>>>>>>

========================================================================
Processing CAD model
	[Improved internal geometry representation]
	[Accuracy improvement for long shapes in inhomogeneous mesh regions]
Version 2021.1 (build 20201110)
PBA version 0
Sub-Workflow: Facets-QQ-GEX
Workflow updated: -
2022 Jun 16 (Thu):  14:25:11
========================================================================

---------------------------------------------
Used point accuracy enhancement value: 0.00%.
---------------------------------------------

=============================================================================
Mesh statistics:
-----------------------------------------------------------------------------
Minimum edge length (x): 0.0375 @ mesh line 40 (x)
Maximum edge length (x): 0.362 @ mesh line 104 (x)
Minimum face area (x): 0.0025 @ mesh lines 62 | 22 (y | z)
Maximum face area (x): 0.156 @ mesh lines 4 | 32 (y | z)
Minimum edge length (y): 0.05 @ mesh line 62 (y)
Maximum edge length (y): 0.394 @ mesh line 4 (y)
Minimum face area (y): 0.00187 @ mesh lines 22 | 40 (z | x)
Maximum face area (y): 0.143 @ mesh lines 32 | 104 (z | x)
Minimum edge length (z): 0.05 @ mesh line 22 (z)
Maximum edge length (z): 0.394 @ mesh line 32 (z)
Minimum face area (z): 0.00187 @ mesh lines 40 | 62 (x | y)
Maximum face area (z): 0.143 @ mesh lines 104 | 4 (x | y)
Maximum mesh face aspect ratio (x): 7.89 : 1.0  @ mesh lines 4 | 22 (y | z)
Maximum mesh face aspect ratio (y): 10.5 : 1.0  @ mesh lines 32 | 40 (z | x)
Maximum mesh face aspect ratio (z): 10.5 : 1.0  @ mesh lines 40 | 4 (x | y)
=============================================================================

============================================================================
Available resources to store TST cells: 2147040017 (483970.88% of mesh size)
============================================================================

==========================================================================================================================================================================================================================
== CST Matrix Calculation Priority Log                                                                                                                                                                                  ==
==========================================================================================================================================================================================================================
 
Priorities are sorted in ascending order beginning with the lowest priority
 
Priority-group:   1, shape   4: </cst/Boundaries/> Low^X,   material: $NFSMaterial$,  user-priority: 0,  material-attributes: normal.vacuum,  shape-attributes: boundary,   
Priority-group:   1, shape   5: </cst/Boundaries/> Low^Y,   material: $NFSMaterial$,  user-priority: 0,  material-attributes: normal.vacuum,  shape-attributes: boundary,   
Priority-group:   1, shape   6: </cst/Boundaries/> Low^Z,   material: $NFSMaterial$,  user-priority: 0,  material-attributes: normal.vacuum,  shape-attributes: boundary,   
Priority-group:   1, shape   7: </cst/Boundaries/> Up^X,    material: $NFSMaterial$,  user-priority: 0,  material-attributes: normal.vacuum,  shape-attributes: boundary,   
Priority-group:   1, shape   8: </cst/Boundaries/> Up^Y,    material: $NFSMaterial$,  user-priority: 0,  material-attributes: normal.vacuum,  shape-attributes: boundary,   
Priority-group:   1, shape   9: </cst/Boundaries/> Up^Z,    material: $NFSMaterial$,  user-priority: 0,  material-attributes: normal.vacuum,  shape-attributes: boundary,   
Priority-group:   2, shape   3: component1:SUBSTRATE,   material: Rogers RT5880 (lossy),  user-priority: 0,  2D/3D-geometry: true, material-attributes: dispersive-eps.dispersive-mue.normal,   shape-attributes: solid,  
Priority-group:   3, shape   1: component1:ANTENNA, material: Silver, user-priority: 0,  2D/3D-geometry: true, material-attributes: pec.rho.surface-impedance,  shape-attributes: solid,  
Priority-group:   3, shape   2: component1:GROUND,  material: Silver, user-priority: 0,  2D/3D-geometry: true, material-attributes: pec.rho.surface-impedance,  shape-attributes: solid,  
 
==========================================================================================================================================================================================================================
 
================================================================================================
General settings
	PBA version: default
------------------------------------------------------------------------------------------------
Geometry processor:default
	Geo accuracy: 0.000000
	PEC background is represented by CAD geometry: false
	Watertightness check: true
	Self intersection check: false
	Inheritance (all): false
	Normal dominance (all): false
	Normal dominance (ports): false
	Flanges hollow: true
	One shape per flange: false
------------------------------------------------------------------------------------------------
Connectivity settings
	Workflow selection: 0
	Workflow version: 20190101
	Gap detection: true
	Gap detection version: 2
	TST version: 2
	QQ workflow: true
	CoCo workflow: true
	Legacy topology: false
	Connectivity check: true
------------------------------------------------------------------------------------------------
Geometry processing log
	no entries
================================================================================================
=======================
Finished CAD processing
=======================

<<<<<<<<<<<<<<<<<<<<<<<<<<<<<<<<<<<<<<<<<<<<<<<
2022 Jun 16 (Thu):  14:25:11
Resource usage for processing CAD model:
	Runtime                        0.06 seconds
	Peak Memory Usage:               29 MB
<<<<<<<<<<<<<<<<<<<<<<<<<<<<<<<<<<<<<<<<<<<<<<<

------------------------------------------------------------
Parallelization Info
------------------------------------------------------------
Hyperthreading active: true
Hyperthreading used: true
Number of concurrent threads: 6
Number of node domains: 13
Domains-to-threads scaling: 2
Average FI domain size: 2e+04
Nice mode: true
Delayed matrix calculation start: false
Load balancing: Version 20090403
Number of mesh fill domains: 25
Memory downscale: 1
CPU load: 75.00%
Emptiness: 0.00%
Hex mesh complexity: 0.42379
Geometric complexity: 0.00168
lower size limit of domain (1D): 60
------------------------------------------------------------
Node order
3, 0, 11, 6, 10, 9, 5, 2, 8, 4, 1, 12, 7
------------------------------------------------------------

-------------------------------------------------------------------
Concurrency for parallelized matrix calculation at start: 6/6
Matrix calculation node 3
	Mesh coverage: 2822400.00 %
	Estimated peak memory usage per node: 121 MB, tightness: 6.28 %
	Processor group: 0
Matrix calculation node 0
	Mesh coverage: 10886400.00 %
	Estimated peak memory usage per node: 134 MB, tightness: 6.99 %
	Processor group: 0
Matrix calculation node 11
	Mesh coverage: 2822400.00 %
	Estimated peak memory usage per node: 119 MB, tightness: 6.22 %
	Processor group: 0
Matrix calculation node 6
	Mesh coverage: 2822400.00 %
	Estimated peak memory usage per node: 157 MB, tightness: 8.18 %
	Processor group: 0
Matrix calculation node 10
	Mesh coverage: 2822400.00 %
	Estimated peak memory usage per node: 118 MB, tightness: 6.17 %
	Processor group: 0
Matrix calculation node 9
	Mesh coverage: 2822400.00 %
	Estimated peak memory usage per node: 161 MB, tightness: 8.39 %
	Processor group: 0
-------------------------------------------------------------------

-------------------------------------------------------------------
Matrix calculation node 5
	Mesh coverage: 2721600.00 %
	Estimated peak memory usage per node: 118 MB, tightness: 6.12 %
	Processor group: 0
-------------------------------------------------------------------

-------------------------------------------------------------------
Matrix calculation node 2
	Mesh coverage: 2822400.00 %
	Estimated peak memory usage per node: 118 MB, tightness: 6.12 %
	Processor group: 0
-------------------------------------------------------------------

-------------------------------------------------------------------
Matrix calculation node 8
	Mesh coverage: 2822400.00 %
	Estimated peak memory usage per node: 116 MB, tightness: 6.06 %
	Processor group: 0
-------------------------------------------------------------------

------------------------------------------------------------------
Matrix calculation node 4
	Mesh coverage: 2822400.00 %
	Estimated peak memory usage per node: 89 MB, tightness: 4.62 %
	Processor group: 0
------------------------------------------------------------------

------------------------------------------------------------------
Matrix calculation node 1
	Mesh coverage: 2721600.00 %
	Estimated peak memory usage per node: 88 MB, tightness: 4.59 %
	Processor group: 0
------------------------------------------------------------------

------------------------------------------------------------------
Matrix calculation node 12
	Mesh coverage: 2822400.00 %
	Estimated peak memory usage per node: 88 MB, tightness: 4.58 %
	Processor group: 0
------------------------------------------------------------------

------------------------------------------------------------------
Matrix calculation node 7
	Mesh coverage: 2721600.00 %
	Estimated peak memory usage per node: 87 MB, tightness: 4.55 %
	Processor group: 0
------------------------------------------------------------------







<<<<<<<<<<<<<<<<<<<<<<<<<<<<<<<<<<<<<<<<<<<<<<<<<<<
2022 Jun 16 (Thu):  14:25:26
Resource usage for calculating matrix coefficients:
<<<<<<<<<<<<<<<<<<<<<<<<<<<<<<<<<<<<<<<<<<<<<<<<<<<

------------------------------------
Mesh: # of points excl. TSTs: 443630
      # of points incl. TSTs: 443630
------------------------------------

1xN000:  >>>>>>>>>>>>>>>>>>>>>>>>>>>>
         2022 Jun 16 (Thu):  14:25:11
         >>>>>>>>>>>>>>>>>>>>>>>>>>>>

1xN000:  ==========================================================================
          - pinning rule in use   : PINNING_RULE_MCALC_SKIP_ALL
          - desired group         : 0, sockets = 0
          - num cores available   : 8
          - num accessible procs          : 8
          - num logical procs             : 8
          - affinity (main thread)        : 1111 1111
          - sockets                       : 0
          - potential cores               : 0,1,2,3,4,5,6,7
          - affinity                      : 11111111
          - active cores          : 0,1,2,3,4,5,6,7
          - hyperthreading        : on
          - skip pinning: + allowed number of sockets = available number of sockets
                          + hyperthreading allowed by solver
         ==========================================================================

1xN000:  Version: 2021.1 Release from 2020-11-10 (change 826605) [Release]
         Started @ 2022 Jun 16 (Thu):  14:25:11
         Workflow: PBA matrix coefficients
         Operation: [fpba, meshfill, bg, port-path, tst, tst-nextgen, coeff, surface-imp, connectivity-tree]
         Architecture: Windows, ID: AMD64
         System Windows-64bit
         Using processor group 0/1
         HEX Mesh information:
         [Global mesh]
         	global O(0 0 0) 	global S(109 29 37) Z(116956)
         [Extended mesh]
         	extended O(0 0 0) 	extended S(109 30 37) Z(120989)
1xN000:  ================================
         Matrix computation (PBA)
         	[PBA version: default]
         Version 2021.1 (build 20201110)
         PBA version 0
         Sub-Workflow: FARM-1xN-TST2-Node
         Workflow updated: -
         2022 Jun 16 (Thu):  14:25:11
         ================================

1xN000:  ---------------------------------------------
         Used point accuracy enhancement value: 0.00%.
         ---------------------------------------------

1xN000:  FARM allocation scheme: BBM
1xN000:  Gap-Detection activated for FARM-topology. Gaps are resolved, even partially.: gap tolerance value is 0.001 and mesh geometry scale is 0.001
1xN000:



1xN000:
1xN000:  Port homogenization method: M2H point index deviation
1xN000:  cccccccccccccccccccccccccccccccccccccccccccccccccccccccccccccccccccccc
         FARM/Meshfill cache is set to 8 (local FI domains: 10, dynamic: false)
         cccccccccccccccccccccccccccccccccccccccccccccccccccccccccccccccccccccc

1xN000:  =============================================================
         Hex cell analyzer settings:
         	max number of E fields per mesh edge: 2
         	max number of H fields per mesh face: 4
         	supporting dual grid: false
         	performance improvement: ROI limit: true
         	performance improvement: ROI threshold: 2
         	performance improvement: single topology extraction: true
         	performance improvement: pre-categorize cell volume: true
         	periodic align: 0
         	periodic cells: true
         	homogenization version: pid
         =============================================================

1xN000:  ssssssssssssssssssssssssssssssssssssssssss
         # of curls with SI accuracy enhancement: 0
         ssssssssssssssssssssssssssssssssssssssssss

1xN000:  ------------------------------------------------------------------------------
         PBA fill limit is applied in inverse mode.
         PBA fill limit is applied on faces filled with at least 94.33% metal material.
         --------------------------------------------------------------
         detailed accuracy settings:
         --------------------------------------------------------------
         augmented fill limit:       true
         augmented fill limit value: 94.33
         automatic fill limit:       true
         early fill limit:           true
         inverse fill limit:         true
         model complexity:           0.00
         legacy 2015:                false
         fixed point accuracy:       false
         minimum point accuracy:     0
         mesh step inheritance:      false
         accuracy mode:
         ------------------------------------------------------------------------------

1xN000:  --------------------------------------
         Glued 0 metal grid points in port area
         --------------------------------------

1xN000:  =================================
         Finished matrix computation (PBA)
         =================================

1xN000:  <<<<<<<<<<<<<<<<<<<<<<<<<<<<<<<<<<<<<<<<<<<<<<<<<<<<<<<<<<<<
         2022 Jun 16 (Thu):  14:25:26
         Resource usage for calculating matrix coefficients per node:
         	Runtime                                14.82 seconds
         	Peak Memory Estimation:                  134 MB
         	Peak Memory Usage:                       157 MB
         <<<<<<<<<<<<<<<<<<<<<<<<<<<<<<<<<<<<<<<<<<<<<<<<<<<<<<<<<<<<



1xN001:  >>>>>>>>>>>>>>>>>>>>>>>>>>>>
         2022 Jun 16 (Thu):  14:25:19
         >>>>>>>>>>>>>>>>>>>>>>>>>>>>

1xN001:  ==========================================================================
          - pinning rule in use   : PINNING_RULE_MCALC_SKIP_ALL
          - desired group         : 0, sockets = 0
          - num cores available   : 8
          - num accessible procs          : 8
          - num logical procs             : 8
          - affinity (main thread)        : 1111 1111
          - sockets                       : 0
          - potential cores               : 0,1,2,3,4,5,6,7
          - affinity                      : 11111111
          - active cores          : 0,1,2,3,4,5,6,7
          - hyperthreading        : on
          - skip pinning: + allowed number of sockets = available number of sockets
                          + hyperthreading allowed by solver
         ==========================================================================

1xN001:  Version: 2021.1 Release from 2020-11-10 (change 826605) [Release]
         Started @ 2022 Jun 16 (Thu):  14:25:19
         Workflow: PBA matrix coefficients
         Operation: [fpba, meshfill, bg, port-path, tst, tst-nextgen, coeff, surface-imp, connectivity-tree]
         Architecture: Windows, ID: AMD64
         System Windows-64bit
         Using processor group 0/1
         HEX Mesh information:
         [Global mesh]
         	global O(0 27 0) 	global S(28 29 37) Z(30043)
         [Extended mesh]
         	extended O(0 26 0) 	extended S(29 31 37) Z(33262)
1xN001:  ================================
         Matrix computation (PBA)
         	[PBA version: default]
         Version 2021.1 (build 20201110)
         PBA version 0
         Sub-Workflow: FARM-1xN-TST2-Node
         Workflow updated: -
         2022 Jun 16 (Thu):  14:25:19
         ================================

1xN001:  ---------------------------------------------
         Used point accuracy enhancement value: 0.00%.
         ---------------------------------------------

1xN001:  FARM allocation scheme: BBM
1xN001:  Gap-Detection activated for FARM-topology. Gaps are resolved, even partially.: gap tolerance value is 0.001 and mesh geometry scale is 0.001
1xN001:



1xN001:
1xN001:  Port homogenization method: M2H point index deviation
1xN001:  ccccccccccccccccccccccccccccccccccccccccccccccccccccccccccccccccccccc
         FARM/Meshfill cache is set to 8 (local FI domains: 4, dynamic: false)
         ccccccccccccccccccccccccccccccccccccccccccccccccccccccccccccccccccccc

1xN001:  =============================================================
         Hex cell analyzer settings:
         	max number of E fields per mesh edge: 2
         	max number of H fields per mesh face: 4
         	supporting dual grid: false
         	performance improvement: ROI limit: true
         	performance improvement: ROI threshold: 2
         	performance improvement: single topology extraction: true
         	performance improvement: pre-categorize cell volume: true
         	periodic align: 0
         	periodic cells: true
         	homogenization version: pid
         =============================================================

1xN001:  ssssssssssssssssssssssssssssssssssssssssss
         # of curls with SI accuracy enhancement: 0
         ssssssssssssssssssssssssssssssssssssssssss

1xN001:  ------------------------------------------------------------------------------
         PBA fill limit is applied in inverse mode.
         PBA fill limit is applied on faces filled with at least 94.33% metal material.
         --------------------------------------------------------------
         detailed accuracy settings:
         --------------------------------------------------------------
         augmented fill limit:       true
         augmented fill limit value: 94.33
         automatic fill limit:       true
         early fill limit:           true
         inverse fill limit:         true
         model complexity:           0.00
         legacy 2015:                false
         fixed point accuracy:       false
         minimum point accuracy:     0
         mesh step inheritance:      false
         accuracy mode:
         ------------------------------------------------------------------------------

1xN001:  =================================
         Finished matrix computation (PBA)
         =================================

1xN001:  <<<<<<<<<<<<<<<<<<<<<<<<<<<<<<<<<<<<<<<<<<<<<<<<<<<<<<<<<<<<
         2022 Jun 16 (Thu):  14:25:23
         Resource usage for calculating matrix coefficients per node:
         	Runtime                                 3.98 seconds
         	Peak Memory Estimation:                   88 MB
         	Peak Memory Usage:                        47 MB
         <<<<<<<<<<<<<<<<<<<<<<<<<<<<<<<<<<<<<<<<<<<<<<<<<<<<<<<<<<<<



1xN002:  >>>>>>>>>>>>>>>>>>>>>>>>>>>>
         2022 Jun 16 (Thu):  14:25:17
         >>>>>>>>>>>>>>>>>>>>>>>>>>>>

1xN002:  ==========================================================================
          - pinning rule in use   : PINNING_RULE_MCALC_SKIP_ALL
          - desired group         : 0, sockets = 0
          - num cores available   : 8
          - num accessible procs          : 8
          - num logical procs             : 8
          - affinity (main thread)        : 1111 1111
          - sockets                       : 0
          - potential cores               : 0,1,2,3,4,5,6,7
          - affinity                      : 11111111
          - active cores          : 0,1,2,3,4,5,6,7
          - hyperthreading        : on
          - skip pinning: + allowed number of sockets = available number of sockets
                          + hyperthreading allowed by solver
         ==========================================================================

1xN002:  Version: 2021.1 Release from 2020-11-10 (change 826605) [Release]
         Started @ 2022 Jun 16 (Thu):  14:25:17
         Workflow: PBA matrix coefficients
         Operation: [fpba, meshfill, bg, port-path, tst, tst-nextgen, coeff, surface-imp, connectivity-tree]
         Architecture: Windows, ID: AMD64
         System Windows-64bit
         Using processor group 0/1
         HEX Mesh information:
         [Global mesh]
         	global O(26 27 0) 	global S(29 29 37) Z(31116)
         [Extended mesh]
         	extended O(25 26 0) 	extended S(31 31 37) Z(35556)
1xN002:  ================================
         Matrix computation (PBA)
         	[PBA version: default]
         Version 2021.1 (build 20201110)
         PBA version 0
         Sub-Workflow: FARM-1xN-TST2-Node
         Workflow updated: -
         2022 Jun 16 (Thu):  14:25:17
         ================================

1xN002:  ---------------------------------------------
         Used point accuracy enhancement value: 0.00%.
         ---------------------------------------------

1xN002:  FARM allocation scheme: BBM
1xN002:  Gap-Detection activated for FARM-topology. Gaps are resolved, even partially.: gap tolerance value is 0.001 and mesh geometry scale is 0.001
1xN002:



1xN002:
1xN002:  Port homogenization method: M2H point index deviation
1xN002:  ccccccccccccccccccccccccccccccccccccccccccccccccccccccccccccccccccccc
         FARM/Meshfill cache is set to 8 (local FI domains: 4, dynamic: false)
         ccccccccccccccccccccccccccccccccccccccccccccccccccccccccccccccccccccc

1xN002:  =============================================================
         Hex cell analyzer settings:
         	max number of E fields per mesh edge: 2
         	max number of H fields per mesh face: 4
         	supporting dual grid: false
         	performance improvement: ROI limit: true
         	performance improvement: ROI threshold: 2
         	performance improvement: single topology extraction: true
         	performance improvement: pre-categorize cell volume: true
         	periodic align: 0
         	periodic cells: true
         	homogenization version: pid
         =============================================================

1xN002:  ssssssssssssssssssssssssssssssssssssssssss
         # of curls with SI accuracy enhancement: 0
         ssssssssssssssssssssssssssssssssssssssssss

1xN002:  ------------------------------------------------------------------------------
         PBA fill limit is applied in inverse mode.
         PBA fill limit is applied on faces filled with at least 94.33% metal material.
         --------------------------------------------------------------
         detailed accuracy settings:
         --------------------------------------------------------------
         augmented fill limit:       true
         augmented fill limit value: 94.33
         automatic fill limit:       true
         early fill limit:           true
         inverse fill limit:         true
         model complexity:           0.00
         legacy 2015:                false
         fixed point accuracy:       false
         minimum point accuracy:     0
         mesh step inheritance:      false
         accuracy mode:
         ------------------------------------------------------------------------------

1xN002:  =================================
         Finished matrix computation (PBA)
         =================================

1xN002:  <<<<<<<<<<<<<<<<<<<<<<<<<<<<<<<<<<<<<<<<<<<<<<<<<<<<<<<<<<<<
         2022 Jun 16 (Thu):  14:25:23
         Resource usage for calculating matrix coefficients per node:
         	Runtime                                 6.12 seconds
         	Peak Memory Estimation:                  118 MB
         	Peak Memory Usage:                        57 MB
         <<<<<<<<<<<<<<<<<<<<<<<<<<<<<<<<<<<<<<<<<<<<<<<<<<<<<<<<<<<<



1xN003:  >>>>>>>>>>>>>>>>>>>>>>>>>>>>
         2022 Jun 16 (Thu):  14:25:11
         >>>>>>>>>>>>>>>>>>>>>>>>>>>>

1xN003:  ==========================================================================
          - pinning rule in use   : PINNING_RULE_MCALC_SKIP_ALL
          - desired group         : 0, sockets = 0
          - num cores available   : 8
          - num accessible procs          : 8
          - num logical procs             : 8
          - affinity (main thread)        : 1111 1111
          - sockets                       : 0
          - potential cores               : 0,1,2,3,4,5,6,7
          - affinity                      : 11111111
          - active cores          : 0,1,2,3,4,5,6,7
          - hyperthreading        : on
          - skip pinning: + allowed number of sockets = available number of sockets
                          + hyperthreading allowed by solver
         ==========================================================================

1xN003:  Version: 2021.1 Release from 2020-11-10 (change 826605) [Release]
         Started @ 2022 Jun 16 (Thu):  14:25:11
         Workflow: PBA matrix coefficients
         Operation: [fpba, meshfill, bg, port-path, tst, tst-nextgen, coeff, surface-imp, connectivity-tree]
         Architecture: Windows, ID: AMD64
         System Windows-64bit
         Using processor group 0/1
         HEX Mesh information:
         [Global mesh]
         	global O(53 27 0) 	global S(29 29 37) Z(31116)
         [Extended mesh]
         	extended O(52 26 0) 	extended S(31 31 37) Z(35556)
1xN003:  ================================
         Matrix computation (PBA)
         	[PBA version: default]
         Version 2021.1 (build 20201110)
         PBA version 0
         Sub-Workflow: FARM-1xN-TST2-Node
         Workflow updated: -
         2022 Jun 16 (Thu):  14:25:11
         ================================

1xN003:  ---------------------------------------------
         Used point accuracy enhancement value: 0.00%.
         ---------------------------------------------

1xN003:  FARM allocation scheme: BBM
1xN003:  Gap-Detection activated for FARM-topology. Gaps are resolved, even partially.: gap tolerance value is 0.001 and mesh geometry scale is 0.001
1xN003:



1xN003:
1xN003:  Port homogenization method: M2H point index deviation
1xN003:  ccccccccccccccccccccccccccccccccccccccccccccccccccccccccccccccccccccc
         FARM/Meshfill cache is set to 8 (local FI domains: 4, dynamic: false)
         ccccccccccccccccccccccccccccccccccccccccccccccccccccccccccccccccccccc

1xN003:  =============================================================
         Hex cell analyzer settings:
         	max number of E fields per mesh edge: 2
         	max number of H fields per mesh face: 4
         	supporting dual grid: false
         	performance improvement: ROI limit: true
         	performance improvement: ROI threshold: 2
         	performance improvement: single topology extraction: true
         	performance improvement: pre-categorize cell volume: true
         	periodic align: 0
         	periodic cells: true
         	homogenization version: pid
         =============================================================

1xN003:  ssssssssssssssssssssssssssssssssssssssssss
         # of curls with SI accuracy enhancement: 0
         ssssssssssssssssssssssssssssssssssssssssss

1xN003:  ------------------------------------------------------------------------------
         PBA fill limit is applied in inverse mode.
         PBA fill limit is applied on faces filled with at least 94.33% metal material.
         --------------------------------------------------------------
         detailed accuracy settings:
         --------------------------------------------------------------
         augmented fill limit:       true
         augmented fill limit value: 94.33
         automatic fill limit:       true
         early fill limit:           true
         inverse fill limit:         true
         model complexity:           0.00
         legacy 2015:                false
         fixed point accuracy:       false
         minimum point accuracy:     0
         mesh step inheritance:      false
         accuracy mode:
         ------------------------------------------------------------------------------

1xN003:  =================================
         Finished matrix computation (PBA)
         =================================

1xN003:  <<<<<<<<<<<<<<<<<<<<<<<<<<<<<<<<<<<<<<<<<<<<<<<<<<<<<<<<<<<<
         2022 Jun 16 (Thu):  14:25:17
         Resource usage for calculating matrix coefficients per node:
         	Runtime                                 5.85 seconds
         	Peak Memory Estimation:                  121 MB
         	Peak Memory Usage:                        63 MB
         <<<<<<<<<<<<<<<<<<<<<<<<<<<<<<<<<<<<<<<<<<<<<<<<<<<<<<<<<<<<



1xN004:  >>>>>>>>>>>>>>>>>>>>>>>>>>>>
         2022 Jun 16 (Thu):  14:25:18
         >>>>>>>>>>>>>>>>>>>>>>>>>>>>

1xN004:  ==========================================================================
          - pinning rule in use   : PINNING_RULE_MCALC_SKIP_ALL
          - desired group         : 0, sockets = 0
          - num cores available   : 8
          - num accessible procs          : 8
          - num logical procs             : 8
          - affinity (main thread)        : 1111 1111
          - sockets                       : 0
          - potential cores               : 0,1,2,3,4,5,6,7
          - affinity                      : 11111111
          - active cores          : 0,1,2,3,4,5,6,7
          - hyperthreading        : on
          - skip pinning: + allowed number of sockets = available number of sockets
                          + hyperthreading allowed by solver
         ==========================================================================

1xN004:  Version: 2021.1 Release from 2020-11-10 (change 826605) [Release]
         Started @ 2022 Jun 16 (Thu):  14:25:18
         Workflow: PBA matrix coefficients
         Operation: [fpba, meshfill, bg, port-path, tst, tst-nextgen, coeff, surface-imp, connectivity-tree]
         Architecture: Windows, ID: AMD64
         System Windows-64bit
         Using processor group 0/1
         HEX Mesh information:
         [Global mesh]
         	global O(80 27 0) 	global S(29 29 37) Z(31116)
         [Extended mesh]
         	extended O(79 26 0) 	extended S(30 31 37) Z(34409)
1xN004:  ================================
         Matrix computation (PBA)
         	[PBA version: default]
         Version 2021.1 (build 20201110)
         PBA version 0
         Sub-Workflow: FARM-1xN-TST2-Node
         Workflow updated: -
         2022 Jun 16 (Thu):  14:25:18
         ================================

1xN004:  ---------------------------------------------
         Used point accuracy enhancement value: 0.00%.
         ---------------------------------------------

1xN004:  FARM allocation scheme: BBM
1xN004:  Gap-Detection activated for FARM-topology. Gaps are resolved, even partially.: gap tolerance value is 0.001 and mesh geometry scale is 0.001
1xN004:



1xN004:
1xN004:  Port homogenization method: M2H point index deviation
1xN004:  ccccccccccccccccccccccccccccccccccccccccccccccccccccccccccccccccccccc
         FARM/Meshfill cache is set to 8 (local FI domains: 4, dynamic: false)
         ccccccccccccccccccccccccccccccccccccccccccccccccccccccccccccccccccccc

1xN004:  =============================================================
         Hex cell analyzer settings:
         	max number of E fields per mesh edge: 2
         	max number of H fields per mesh face: 4
         	supporting dual grid: false
         	performance improvement: ROI limit: true
         	performance improvement: ROI threshold: 2
         	performance improvement: single topology extraction: true
         	performance improvement: pre-categorize cell volume: true
         	periodic align: 0
         	periodic cells: true
         	homogenization version: pid
         =============================================================

1xN004:  ssssssssssssssssssssssssssssssssssssssssss
         # of curls with SI accuracy enhancement: 0
         ssssssssssssssssssssssssssssssssssssssssss

1xN004:  ------------------------------------------------------------------------------
         PBA fill limit is applied in inverse mode.
         PBA fill limit is applied on faces filled with at least 94.33% metal material.
         --------------------------------------------------------------
         detailed accuracy settings:
         --------------------------------------------------------------
         augmented fill limit:       true
         augmented fill limit value: 94.33
         automatic fill limit:       true
         early fill limit:           true
         inverse fill limit:         true
         model complexity:           0.00
         legacy 2015:                false
         fixed point accuracy:       false
         minimum point accuracy:     0
         mesh step inheritance:      false
         accuracy mode:
         ------------------------------------------------------------------------------

1xN004:  =================================
         Finished matrix computation (PBA)
         =================================

1xN004:  <<<<<<<<<<<<<<<<<<<<<<<<<<<<<<<<<<<<<<<<<<<<<<<<<<<<<<<<<<<<
         2022 Jun 16 (Thu):  14:25:22
         Resource usage for calculating matrix coefficients per node:
         	Runtime                                 4.18 seconds
         	Peak Memory Estimation:                   89 MB
         	Peak Memory Usage:                        50 MB
         <<<<<<<<<<<<<<<<<<<<<<<<<<<<<<<<<<<<<<<<<<<<<<<<<<<<<<<<<<<<



1xN005:  >>>>>>>>>>>>>>>>>>>>>>>>>>>>
         2022 Jun 16 (Thu):  14:25:16
         >>>>>>>>>>>>>>>>>>>>>>>>>>>>

1xN005:  ==========================================================================
          - pinning rule in use   : PINNING_RULE_MCALC_SKIP_ALL
          - desired group         : 0, sockets = 0
          - num cores available   : 8
          - num accessible procs          : 8
          - num logical procs             : 8
          - affinity (main thread)        : 1111 1111
          - sockets                       : 0
          - potential cores               : 0,1,2,3,4,5,6,7
          - affinity                      : 11111111
          - active cores          : 0,1,2,3,4,5,6,7
          - hyperthreading        : on
          - skip pinning: + allowed number of sockets = available number of sockets
                          + hyperthreading allowed by solver
         ==========================================================================

1xN005:  Version: 2021.1 Release from 2020-11-10 (change 826605) [Release]
         Started @ 2022 Jun 16 (Thu):  14:25:16
         Workflow: PBA matrix coefficients
         Operation: [fpba, meshfill, bg, port-path, tst, tst-nextgen, coeff, surface-imp, connectivity-tree]
         Architecture: Windows, ID: AMD64
         System Windows-64bit
         Using processor group 0/1
         HEX Mesh information:
         [Global mesh]
         	global O(0 54 0) 	global S(28 29 37) Z(30043)
         [Extended mesh]
         	extended O(0 53 0) 	extended S(29 31 37) Z(33262)
1xN005:  ================================
         Matrix computation (PBA)
         	[PBA version: default]
         Version 2021.1 (build 20201110)
         PBA version 0
         Sub-Workflow: FARM-1xN-TST2-Node
         Workflow updated: -
         2022 Jun 16 (Thu):  14:25:16
         ================================

1xN005:  ---------------------------------------------
         Used point accuracy enhancement value: 0.00%.
         ---------------------------------------------

1xN005:  FARM allocation scheme: BBM
1xN005:  Gap-Detection activated for FARM-topology. Gaps are resolved, even partially.: gap tolerance value is 0.001 and mesh geometry scale is 0.001
1xN005:



1xN005:
1xN005:  Port homogenization method: M2H point index deviation
1xN005:  ccccccccccccccccccccccccccccccccccccccccccccccccccccccccccccccccccccc
         FARM/Meshfill cache is set to 8 (local FI domains: 4, dynamic: false)
         ccccccccccccccccccccccccccccccccccccccccccccccccccccccccccccccccccccc

1xN005:  =============================================================
         Hex cell analyzer settings:
         	max number of E fields per mesh edge: 2
         	max number of H fields per mesh face: 4
         	supporting dual grid: false
         	performance improvement: ROI limit: true
         	performance improvement: ROI threshold: 2
         	performance improvement: single topology extraction: true
         	performance improvement: pre-categorize cell volume: true
         	periodic align: 0
         	periodic cells: true
         	homogenization version: pid
         =============================================================

1xN005:  ssssssssssssssssssssssssssssssssssssssssss
         # of curls with SI accuracy enhancement: 0
         ssssssssssssssssssssssssssssssssssssssssss

1xN005:  ------------------------------------------------------------------------------
         PBA fill limit is applied in inverse mode.
         PBA fill limit is applied on faces filled with at least 94.33% metal material.
         --------------------------------------------------------------
         detailed accuracy settings:
         --------------------------------------------------------------
         augmented fill limit:       true
         augmented fill limit value: 94.33
         automatic fill limit:       true
         early fill limit:           true
         inverse fill limit:         true
         model complexity:           0.00
         legacy 2015:                false
         fixed point accuracy:       false
         minimum point accuracy:     0
         mesh step inheritance:      false
         accuracy mode:
         ------------------------------------------------------------------------------

1xN005:  =================================
         Finished matrix computation (PBA)
         =================================

1xN005:  <<<<<<<<<<<<<<<<<<<<<<<<<<<<<<<<<<<<<<<<<<<<<<<<<<<<<<<<<<<<
         2022 Jun 16 (Thu):  14:25:21
         Resource usage for calculating matrix coefficients per node:
         	Runtime                                 4.52 seconds
         	Peak Memory Estimation:                  118 MB
         	Peak Memory Usage:                        50 MB
         <<<<<<<<<<<<<<<<<<<<<<<<<<<<<<<<<<<<<<<<<<<<<<<<<<<<<<<<<<<<



1xN006:  >>>>>>>>>>>>>>>>>>>>>>>>>>>>
         2022 Jun 16 (Thu):  14:25:11
         >>>>>>>>>>>>>>>>>>>>>>>>>>>>

1xN006:  ==========================================================================
          - pinning rule in use   : PINNING_RULE_MCALC_SKIP_ALL
          - desired group         : 0, sockets = 0
          - num cores available   : 8
          - num accessible procs          : 8
          - num logical procs             : 8
          - affinity (main thread)        : 1111 1111
          - sockets                       : 0
          - potential cores               : 0,1,2,3,4,5,6,7
          - affinity                      : 11111111
          - active cores          : 0,1,2,3,4,5,6,7
          - hyperthreading        : on
          - skip pinning: + allowed number of sockets = available number of sockets
                          + hyperthreading allowed by solver
         ==========================================================================

1xN006:  Version: 2021.1 Release from 2020-11-10 (change 826605) [Release]
         Started @ 2022 Jun 16 (Thu):  14:25:11
         Workflow: PBA matrix coefficients
         Operation: [fpba, meshfill, bg, port-path, tst, tst-nextgen, coeff, surface-imp, connectivity-tree]
         Architecture: Windows, ID: AMD64
         System Windows-64bit
         Using processor group 0/1
         HEX Mesh information:
         [Global mesh]
         	global O(26 54 0) 	global S(29 29 37) Z(31116)
         [Extended mesh]
         	extended O(25 53 0) 	extended S(31 31 37) Z(35556)
1xN006:  ================================
         Matrix computation (PBA)
         	[PBA version: default]
         Version 2021.1 (build 20201110)
         PBA version 0
         Sub-Workflow: FARM-1xN-TST2-Node
         Workflow updated: -
         2022 Jun 16 (Thu):  14:25:11
         ================================

1xN006:  ---------------------------------------------
         Used point accuracy enhancement value: 0.00%.
         ---------------------------------------------

1xN006:  FARM allocation scheme: BBM
1xN006:  Gap-Detection activated for FARM-topology. Gaps are resolved, even partially.: gap tolerance value is 0.001 and mesh geometry scale is 0.001
1xN006:



1xN006:
1xN006:  Port homogenization method: M2H point index deviation
1xN006:  ccccccccccccccccccccccccccccccccccccccccccccccccccccccccccccccccccccc
         FARM/Meshfill cache is set to 8 (local FI domains: 4, dynamic: false)
         ccccccccccccccccccccccccccccccccccccccccccccccccccccccccccccccccccccc

1xN006:  =============================================================
         Hex cell analyzer settings:
         	max number of E fields per mesh edge: 2
         	max number of H fields per mesh face: 4
         	supporting dual grid: false
         	performance improvement: ROI limit: true
         	performance improvement: ROI threshold: 2
         	performance improvement: single topology extraction: true
         	performance improvement: pre-categorize cell volume: true
         	periodic align: 0
         	periodic cells: true
         	homogenization version: pid
         =============================================================

1xN006:  ssssssssssssssssssssssssssssssssssssssssss
         # of curls with SI accuracy enhancement: 0
         ssssssssssssssssssssssssssssssssssssssssss

1xN006:  ------------------------------------------------------------------------------
         PBA fill limit is applied in inverse mode.
         PBA fill limit is applied on faces filled with at least 94.33% metal material.
         --------------------------------------------------------------
         detailed accuracy settings:
         --------------------------------------------------------------
         augmented fill limit:       true
         augmented fill limit value: 94.33
         automatic fill limit:       true
         early fill limit:           true
         inverse fill limit:         true
         model complexity:           0.00
         legacy 2015:                false
         fixed point accuracy:       false
         minimum point accuracy:     0
         mesh step inheritance:      false
         accuracy mode:
         ------------------------------------------------------------------------------

1xN006:  =================================
         Finished matrix computation (PBA)
         =================================

1xN006:  <<<<<<<<<<<<<<<<<<<<<<<<<<<<<<<<<<<<<<<<<<<<<<<<<<<<<<<<<<<<
         2022 Jun 16 (Thu):  14:25:18
         Resource usage for calculating matrix coefficients per node:
         	Runtime                                 6.54 seconds
         	Peak Memory Estimation:                  157 MB
         	Peak Memory Usage:                        67 MB
         <<<<<<<<<<<<<<<<<<<<<<<<<<<<<<<<<<<<<<<<<<<<<<<<<<<<<<<<<<<<



1xN007:  >>>>>>>>>>>>>>>>>>>>>>>>>>>>
         2022 Jun 16 (Thu):  14:25:23
         >>>>>>>>>>>>>>>>>>>>>>>>>>>>

1xN007:  ==========================================================================
          - pinning rule in use   : PINNING_RULE_MCALC_SKIP_ALL
          - desired group         : 0, sockets = 0
          - num cores available   : 8
          - num accessible procs          : 8
          - num logical procs             : 8
          - affinity (main thread)        : 1111 1111
          - sockets                       : 0
          - potential cores               : 0,1,2,3,4,5,6,7
          - affinity                      : 11111111
          - active cores          : 0,1,2,3,4,5,6,7
          - hyperthreading        : on
          - skip pinning: + allowed number of sockets = available number of sockets
                          + hyperthreading allowed by solver
         ==========================================================================

1xN007:  Version: 2021.1 Release from 2020-11-10 (change 826605) [Release]
         Started @ 2022 Jun 16 (Thu):  14:25:23
         Workflow: PBA matrix coefficients
         Operation: [fpba, meshfill, bg, port-path, tst, tst-nextgen, coeff, surface-imp, connectivity-tree]
         Architecture: Windows, ID: AMD64
         System Windows-64bit
         Using processor group 0/1
         HEX Mesh information:
         [Global mesh]
         	global O(0 81 0) 	global S(28 29 37) Z(30043)
         [Extended mesh]
         	extended O(0 80 0) 	extended S(29 30 37) Z(32189)
1xN007:  ================================
         Matrix computation (PBA)
         	[PBA version: default]
         Version 2021.1 (build 20201110)
         PBA version 0
         Sub-Workflow: FARM-1xN-TST2-Node
         Workflow updated: -
         2022 Jun 16 (Thu):  14:25:23
         ================================

1xN007:  ---------------------------------------------
         Used point accuracy enhancement value: 0.00%.
         ---------------------------------------------

1xN007:  FARM allocation scheme: BBM
1xN007:  Gap-Detection activated for FARM-topology. Gaps are resolved, even partially.: gap tolerance value is 0.001 and mesh geometry scale is 0.001
1xN007:



1xN007:
1xN007:  Port homogenization method: M2H point index deviation
1xN007:  ccccccccccccccccccccccccccccccccccccccccccccccccccccccccccccccccccccc
         FARM/Meshfill cache is set to 8 (local FI domains: 4, dynamic: false)
         ccccccccccccccccccccccccccccccccccccccccccccccccccccccccccccccccccccc

1xN007:  =============================================================
         Hex cell analyzer settings:
         	max number of E fields per mesh edge: 2
         	max number of H fields per mesh face: 4
         	supporting dual grid: false
         	performance improvement: ROI limit: true
         	performance improvement: ROI threshold: 2
         	performance improvement: single topology extraction: true
         	performance improvement: pre-categorize cell volume: true
         	periodic align: 0
         	periodic cells: true
         	homogenization version: pid
         =============================================================

1xN007:  ssssssssssssssssssssssssssssssssssssssssss
         # of curls with SI accuracy enhancement: 0
         ssssssssssssssssssssssssssssssssssssssssss

1xN007:  ------------------------------------------------------------------------------
         PBA fill limit is applied in inverse mode.
         PBA fill limit is applied on faces filled with at least 94.33% metal material.
         --------------------------------------------------------------
         detailed accuracy settings:
         --------------------------------------------------------------
         augmented fill limit:       true
         augmented fill limit value: 94.33
         automatic fill limit:       true
         early fill limit:           true
         inverse fill limit:         true
         model complexity:           0.00
         legacy 2015:                false
         fixed point accuracy:       false
         minimum point accuracy:     0
         mesh step inheritance:      false
         accuracy mode:
         ------------------------------------------------------------------------------

1xN007:  =================================
         Finished matrix computation (PBA)
         =================================

1xN007:  <<<<<<<<<<<<<<<<<<<<<<<<<<<<<<<<<<<<<<<<<<<<<<<<<<<<<<<<<<<<
         2022 Jun 16 (Thu):  14:25:25
         Resource usage for calculating matrix coefficients per node:
         	Runtime                                 2.27 seconds
         	Peak Memory Estimation:                   87 MB
         	Peak Memory Usage:                        46 MB
         <<<<<<<<<<<<<<<<<<<<<<<<<<<<<<<<<<<<<<<<<<<<<<<<<<<<<<<<<<<<



1xN008:  >>>>>>>>>>>>>>>>>>>>>>>>>>>>
         2022 Jun 16 (Thu):  14:25:18
         >>>>>>>>>>>>>>>>>>>>>>>>>>>>

1xN008:  ==========================================================================
          - pinning rule in use   : PINNING_RULE_MCALC_SKIP_ALL
          - desired group         : 0, sockets = 0
          - num cores available   : 8
          - num accessible procs          : 8
          - num logical procs             : 8
          - affinity (main thread)        : 1111 1111
          - sockets                       : 0
          - potential cores               : 0,1,2,3,4,5,6,7
          - affinity                      : 11111111
          - active cores          : 0,1,2,3,4,5,6,7
          - hyperthreading        : on
          - skip pinning: + allowed number of sockets = available number of sockets
                          + hyperthreading allowed by solver
         ==========================================================================

1xN008:  Version: 2021.1 Release from 2020-11-10 (change 826605) [Release]
         Started @ 2022 Jun 16 (Thu):  14:25:18
         Workflow: PBA matrix coefficients
         Operation: [fpba, meshfill, bg, port-path, tst, tst-nextgen, coeff, surface-imp, connectivity-tree]
         Architecture: Windows, ID: AMD64
         System Windows-64bit
         Using processor group 0/1
         HEX Mesh information:
         [Global mesh]
         	global O(26 81 0) 	global S(29 29 37) Z(31116)
         [Extended mesh]
         	extended O(25 80 0) 	extended S(31 30 37) Z(34409)
1xN008:  ================================
         Matrix computation (PBA)
         	[PBA version: default]
         Version 2021.1 (build 20201110)
         PBA version 0
         Sub-Workflow: FARM-1xN-TST2-Node
         Workflow updated: -
         2022 Jun 16 (Thu):  14:25:18
         ================================

1xN008:  ---------------------------------------------
         Used point accuracy enhancement value: 0.00%.
         ---------------------------------------------

1xN008:  FARM allocation scheme: BBM
1xN008:  Gap-Detection activated for FARM-topology. Gaps are resolved, even partially.: gap tolerance value is 0.001 and mesh geometry scale is 0.001
1xN008:



1xN008:
1xN008:  Port homogenization method: M2H point index deviation
1xN008:  ccccccccccccccccccccccccccccccccccccccccccccccccccccccccccccccccccccc
         FARM/Meshfill cache is set to 8 (local FI domains: 4, dynamic: false)
         ccccccccccccccccccccccccccccccccccccccccccccccccccccccccccccccccccccc

1xN008:  =============================================================
         Hex cell analyzer settings:
         	max number of E fields per mesh edge: 2
         	max number of H fields per mesh face: 4
         	supporting dual grid: false
         	performance improvement: ROI limit: true
         	performance improvement: ROI threshold: 2
         	performance improvement: single topology extraction: true
         	performance improvement: pre-categorize cell volume: true
         	periodic align: 0
         	periodic cells: true
         	homogenization version: pid
         =============================================================

1xN008:  ssssssssssssssssssssssssssssssssssssssssss
         # of curls with SI accuracy enhancement: 0
         ssssssssssssssssssssssssssssssssssssssssss

1xN008:  ------------------------------------------------------------------------------
         PBA fill limit is applied in inverse mode.
         PBA fill limit is applied on faces filled with at least 94.33% metal material.
         --------------------------------------------------------------
         detailed accuracy settings:
         --------------------------------------------------------------
         augmented fill limit:       true
         augmented fill limit value: 94.33
         automatic fill limit:       true
         early fill limit:           true
         inverse fill limit:         true
         model complexity:           0.00
         legacy 2015:                false
         fixed point accuracy:       false
         minimum point accuracy:     0
         mesh step inheritance:      false
         accuracy mode:
         ------------------------------------------------------------------------------

1xN008:  =================================
         Finished matrix computation (PBA)
         =================================

1xN008:  <<<<<<<<<<<<<<<<<<<<<<<<<<<<<<<<<<<<<<<<<<<<<<<<<<<<<<<<<<<<
         2022 Jun 16 (Thu):  14:25:22
         Resource usage for calculating matrix coefficients per node:
         	Runtime                                 4.39 seconds
         	Peak Memory Estimation:                  116 MB
         	Peak Memory Usage:                        51 MB
         <<<<<<<<<<<<<<<<<<<<<<<<<<<<<<<<<<<<<<<<<<<<<<<<<<<<<<<<<<<<



1xN009:  >>>>>>>>>>>>>>>>>>>>>>>>>>>>
         2022 Jun 16 (Thu):  14:25:11
         >>>>>>>>>>>>>>>>>>>>>>>>>>>>

1xN009:  ==========================================================================
          - pinning rule in use   : PINNING_RULE_MCALC_SKIP_ALL
          - desired group         : 0, sockets = 0
          - num cores available   : 8
          - num accessible procs          : 8
          - num logical procs             : 8
          - affinity (main thread)        : 1111 1111
          - sockets                       : 0
          - potential cores               : 0,1,2,3,4,5,6,7
          - affinity                      : 11111111
          - active cores          : 0,1,2,3,4,5,6,7
          - hyperthreading        : on
          - skip pinning: + allowed number of sockets = available number of sockets
                          + hyperthreading allowed by solver
         ==========================================================================

1xN009:  Version: 2021.1 Release from 2020-11-10 (change 826605) [Release]
         Started @ 2022 Jun 16 (Thu):  14:25:11
         Workflow: PBA matrix coefficients
         Operation: [fpba, meshfill, bg, port-path, tst, tst-nextgen, coeff, surface-imp, connectivity-tree]
         Architecture: Windows, ID: AMD64
         System Windows-64bit
         Using processor group 0/1
         HEX Mesh information:
         [Global mesh]
         	global O(53 54 0) 	global S(29 29 37) Z(31116)
         [Extended mesh]
         	extended O(52 53 0) 	extended S(31 31 37) Z(35556)
1xN009:  ================================
         Matrix computation (PBA)
         	[PBA version: default]
         Version 2021.1 (build 20201110)
         PBA version 0
         Sub-Workflow: FARM-1xN-TST2-Node
         Workflow updated: -
         2022 Jun 16 (Thu):  14:25:11
         ================================

1xN009:  ---------------------------------------------
         Used point accuracy enhancement value: 0.00%.
         ---------------------------------------------

1xN009:  FARM allocation scheme: BBM
1xN009:  Gap-Detection activated for FARM-topology. Gaps are resolved, even partially.: gap tolerance value is 0.001 and mesh geometry scale is 0.001
1xN009:



1xN009:
1xN009:  Port homogenization method: M2H point index deviation
1xN009:  ccccccccccccccccccccccccccccccccccccccccccccccccccccccccccccccccccccc
         FARM/Meshfill cache is set to 8 (local FI domains: 4, dynamic: false)
         ccccccccccccccccccccccccccccccccccccccccccccccccccccccccccccccccccccc

1xN009:  =============================================================
         Hex cell analyzer settings:
         	max number of E fields per mesh edge: 2
         	max number of H fields per mesh face: 4
         	supporting dual grid: false
         	performance improvement: ROI limit: true
         	performance improvement: ROI threshold: 2
         	performance improvement: single topology extraction: true
         	performance improvement: pre-categorize cell volume: true
         	periodic align: 0
         	periodic cells: true
         	homogenization version: pid
         =============================================================

1xN009:  ssssssssssssssssssssssssssssssssssssssssss
         # of curls with SI accuracy enhancement: 0
         ssssssssssssssssssssssssssssssssssssssssss

1xN009:  ------------------------------------------------------------------------------
         PBA fill limit is applied in inverse mode.
         PBA fill limit is applied on faces filled with at least 94.33% metal material.
         --------------------------------------------------------------
         detailed accuracy settings:
         --------------------------------------------------------------
         augmented fill limit:       true
         augmented fill limit value: 94.33
         automatic fill limit:       true
         early fill limit:           true
         inverse fill limit:         true
         model complexity:           0.00
         legacy 2015:                false
         fixed point accuracy:       false
         minimum point accuracy:     0
         mesh step inheritance:      false
         accuracy mode:
         ------------------------------------------------------------------------------

1xN009:  =================================
         Finished matrix computation (PBA)
         =================================

1xN009:  <<<<<<<<<<<<<<<<<<<<<<<<<<<<<<<<<<<<<<<<<<<<<<<<<<<<<<<<<<<<
         2022 Jun 16 (Thu):  14:25:18
         Resource usage for calculating matrix coefficients per node:
         	Runtime                                 6.83 seconds
         	Peak Memory Estimation:                  161 MB
         	Peak Memory Usage:                        69 MB
         <<<<<<<<<<<<<<<<<<<<<<<<<<<<<<<<<<<<<<<<<<<<<<<<<<<<<<<<<<<<



1xN010:  >>>>>>>>>>>>>>>>>>>>>>>>>>>>
         2022 Jun 16 (Thu):  14:25:11
         >>>>>>>>>>>>>>>>>>>>>>>>>>>>

1xN010:  ==========================================================================
          - pinning rule in use   : PINNING_RULE_MCALC_SKIP_ALL
          - desired group         : 0, sockets = 0
          - num cores available   : 8
          - num accessible procs          : 8
          - num logical procs             : 8
          - affinity (main thread)        : 1111 1111
          - sockets                       : 0
          - potential cores               : 0,1,2,3,4,5,6,7
          - affinity                      : 11111111
          - active cores          : 0,1,2,3,4,5,6,7
          - hyperthreading        : on
          - skip pinning: + allowed number of sockets = available number of sockets
                          + hyperthreading allowed by solver
         ==========================================================================

1xN010:  Version: 2021.1 Release from 2020-11-10 (change 826605) [Release]
         Started @ 2022 Jun 16 (Thu):  14:25:11
         Workflow: PBA matrix coefficients
         Operation: [fpba, meshfill, bg, port-path, tst, tst-nextgen, coeff, surface-imp, connectivity-tree]
         Architecture: Windows, ID: AMD64
         System Windows-64bit
         Using processor group 0/1
         HEX Mesh information:
         [Global mesh]
         	global O(80 54 0) 	global S(29 29 37) Z(31116)
         [Extended mesh]
         	extended O(79 53 0) 	extended S(30 31 37) Z(34409)
1xN010:  ================================
         Matrix computation (PBA)
         	[PBA version: default]
         Version 2021.1 (build 20201110)
         PBA version 0
         Sub-Workflow: FARM-1xN-TST2-Node
         Workflow updated: -
         2022 Jun 16 (Thu):  14:25:11
         ================================

1xN010:  ---------------------------------------------
         Used point accuracy enhancement value: 0.00%.
         ---------------------------------------------

1xN010:  FARM allocation scheme: BBM
1xN010:  Gap-Detection activated for FARM-topology. Gaps are resolved, even partially.: gap tolerance value is 0.001 and mesh geometry scale is 0.001
1xN010:



1xN010:
1xN010:  Port homogenization method: M2H point index deviation
1xN010:  ccccccccccccccccccccccccccccccccccccccccccccccccccccccccccccccccccccc
         FARM/Meshfill cache is set to 8 (local FI domains: 4, dynamic: false)
         ccccccccccccccccccccccccccccccccccccccccccccccccccccccccccccccccccccc

1xN010:  =============================================================
         Hex cell analyzer settings:
         	max number of E fields per mesh edge: 2
         	max number of H fields per mesh face: 4
         	supporting dual grid: false
         	performance improvement: ROI limit: true
         	performance improvement: ROI threshold: 2
         	performance improvement: single topology extraction: true
         	performance improvement: pre-categorize cell volume: true
         	periodic align: 0
         	periodic cells: true
         	homogenization version: pid
         =============================================================

1xN010:  ssssssssssssssssssssssssssssssssssssssssss
         # of curls with SI accuracy enhancement: 0
         ssssssssssssssssssssssssssssssssssssssssss

1xN010:  ------------------------------------------------------------------------------
         PBA fill limit is applied in inverse mode.
         PBA fill limit is applied on faces filled with at least 94.33% metal material.
         --------------------------------------------------------------
         detailed accuracy settings:
         --------------------------------------------------------------
         augmented fill limit:       true
         augmented fill limit value: 94.33
         automatic fill limit:       true
         early fill limit:           true
         inverse fill limit:         true
         model complexity:           0.00
         legacy 2015:                false
         fixed point accuracy:       false
         minimum point accuracy:     0
         mesh step inheritance:      false
         accuracy mode:
         ------------------------------------------------------------------------------

1xN010:  =================================
         Finished matrix computation (PBA)
         =================================

1xN010:  <<<<<<<<<<<<<<<<<<<<<<<<<<<<<<<<<<<<<<<<<<<<<<<<<<<<<<<<<<<<
         2022 Jun 16 (Thu):  14:25:16
         Resource usage for calculating matrix coefficients per node:
         	Runtime                                 4.43 seconds
         	Peak Memory Estimation:                  118 MB
         	Peak Memory Usage:                        58 MB
         <<<<<<<<<<<<<<<<<<<<<<<<<<<<<<<<<<<<<<<<<<<<<<<<<<<<<<<<<<<<



1xN011:  >>>>>>>>>>>>>>>>>>>>>>>>>>>>
         2022 Jun 16 (Thu):  14:25:11
         >>>>>>>>>>>>>>>>>>>>>>>>>>>>

1xN011:  ==========================================================================
          - pinning rule in use   : PINNING_RULE_MCALC_SKIP_ALL
          - desired group         : 0, sockets = 0
          - num cores available   : 8
          - num accessible procs          : 8
          - num logical procs             : 8
          - affinity (main thread)        : 1111 1111
          - sockets                       : 0
          - potential cores               : 0,1,2,3,4,5,6,7
          - affinity                      : 11111111
          - active cores          : 0,1,2,3,4,5,6,7
          - hyperthreading        : on
          - skip pinning: + allowed number of sockets = available number of sockets
                          + hyperthreading allowed by solver
         ==========================================================================

1xN011:  Version: 2021.1 Release from 2020-11-10 (change 826605) [Release]
         Started @ 2022 Jun 16 (Thu):  14:25:11
         Workflow: PBA matrix coefficients
         Operation: [fpba, meshfill, bg, port-path, tst, tst-nextgen, coeff, surface-imp, connectivity-tree]
         Architecture: Windows, ID: AMD64
         System Windows-64bit
         Using processor group 0/1
         HEX Mesh information:
         [Global mesh]
         	global O(53 81 0) 	global S(29 29 37) Z(31116)
         [Extended mesh]
         	extended O(52 80 0) 	extended S(31 30 37) Z(34409)
1xN011:  ================================
         Matrix computation (PBA)
         	[PBA version: default]
         Version 2021.1 (build 20201110)
         PBA version 0
         Sub-Workflow: FARM-1xN-TST2-Node
         Workflow updated: -
         2022 Jun 16 (Thu):  14:25:11
         ================================

1xN011:  ---------------------------------------------
         Used point accuracy enhancement value: 0.00%.
         ---------------------------------------------

1xN011:  FARM allocation scheme: BBM
1xN011:  Gap-Detection activated for FARM-topology. Gaps are resolved, even partially.: gap tolerance value is 0.001 and mesh geometry scale is 0.001
1xN011:



1xN011:
1xN011:  Port homogenization method: M2H point index deviation
1xN011:  ccccccccccccccccccccccccccccccccccccccccccccccccccccccccccccccccccccc
         FARM/Meshfill cache is set to 8 (local FI domains: 4, dynamic: false)
         ccccccccccccccccccccccccccccccccccccccccccccccccccccccccccccccccccccc

1xN011:  =============================================================
         Hex cell analyzer settings:
         	max number of E fields per mesh edge: 2
         	max number of H fields per mesh face: 4
         	supporting dual grid: false
         	performance improvement: ROI limit: true
         	performance improvement: ROI threshold: 2
         	performance improvement: single topology extraction: true
         	performance improvement: pre-categorize cell volume: true
         	periodic align: 0
         	periodic cells: true
         	homogenization version: pid
         =============================================================

1xN011:  ssssssssssssssssssssssssssssssssssssssssss
         # of curls with SI accuracy enhancement: 0
         ssssssssssssssssssssssssssssssssssssssssss

1xN011:  ------------------------------------------------------------------------------
         PBA fill limit is applied in inverse mode.
         PBA fill limit is applied on faces filled with at least 94.33% metal material.
         --------------------------------------------------------------
         detailed accuracy settings:
         --------------------------------------------------------------
         augmented fill limit:       true
         augmented fill limit value: 94.33
         automatic fill limit:       true
         early fill limit:           true
         inverse fill limit:         true
         model complexity:           0.00
         legacy 2015:                false
         fixed point accuracy:       false
         minimum point accuracy:     0
         mesh step inheritance:      false
         accuracy mode:
         ------------------------------------------------------------------------------

1xN011:  =================================
         Finished matrix computation (PBA)
         =================================

1xN011:  <<<<<<<<<<<<<<<<<<<<<<<<<<<<<<<<<<<<<<<<<<<<<<<<<<<<<<<<<<<<
         2022 Jun 16 (Thu):  14:25:16
         Resource usage for calculating matrix coefficients per node:
         	Runtime                                 4.13 seconds
         	Peak Memory Estimation:                  119 MB
         	Peak Memory Usage:                        56 MB
         <<<<<<<<<<<<<<<<<<<<<<<<<<<<<<<<<<<<<<<<<<<<<<<<<<<<<<<<<<<<



1xN012:  >>>>>>>>>>>>>>>>>>>>>>>>>>>>
         2022 Jun 16 (Thu):  14:25:21
         >>>>>>>>>>>>>>>>>>>>>>>>>>>>

1xN012:  ==========================================================================
          - pinning rule in use   : PINNING_RULE_MCALC_SKIP_ALL
          - desired group         : 0, sockets = 0
          - num cores available   : 8
          - num accessible procs          : 8
          - num logical procs             : 8
          - affinity (main thread)        : 1111 1111
          - sockets                       : 0
          - potential cores               : 0,1,2,3,4,5,6,7
          - affinity                      : 11111111
          - active cores          : 0,1,2,3,4,5,6,7
          - hyperthreading        : on
          - skip pinning: + allowed number of sockets = available number of sockets
                          + hyperthreading allowed by solver
         ==========================================================================

1xN012:  Version: 2021.1 Release from 2020-11-10 (change 826605) [Release]
         Started @ 2022 Jun 16 (Thu):  14:25:21
         Workflow: PBA matrix coefficients
         Operation: [fpba, meshfill, bg, port-path, tst, tst-nextgen, coeff, surface-imp, connectivity-tree]
         Architecture: Windows, ID: AMD64
         System Windows-64bit
         Using processor group 0/1
         HEX Mesh information:
         [Global mesh]
         	global O(80 81 0) 	global S(29 29 37) Z(31116)
         [Extended mesh]
         	extended O(79 80 0) 	extended S(30 30 37) Z(33299)
1xN012:  ================================
         Matrix computation (PBA)
         	[PBA version: default]
         Version 2021.1 (build 20201110)
         PBA version 0
         Sub-Workflow: FARM-1xN-TST2-Node
         Workflow updated: -
         2022 Jun 16 (Thu):  14:25:21
         ================================

1xN012:  ---------------------------------------------
         Used point accuracy enhancement value: 0.00%.
         ---------------------------------------------

1xN012:  FARM allocation scheme: BBM
1xN012:  Gap-Detection activated for FARM-topology. Gaps are resolved, even partially.: gap tolerance value is 0.001 and mesh geometry scale is 0.001
1xN012:



1xN012:
1xN012:  Port homogenization method: M2H point index deviation
1xN012:  ccccccccccccccccccccccccccccccccccccccccccccccccccccccccccccccccccccc
         FARM/Meshfill cache is set to 8 (local FI domains: 4, dynamic: false)
         ccccccccccccccccccccccccccccccccccccccccccccccccccccccccccccccccccccc

1xN012:  =============================================================
         Hex cell analyzer settings:
         	max number of E fields per mesh edge: 2
         	max number of H fields per mesh face: 4
         	supporting dual grid: false
         	performance improvement: ROI limit: true
         	performance improvement: ROI threshold: 2
         	performance improvement: single topology extraction: true
         	performance improvement: pre-categorize cell volume: true
         	periodic align: 0
         	periodic cells: true
         	homogenization version: pid
         =============================================================

1xN012:  ssssssssssssssssssssssssssssssssssssssssss
         # of curls with SI accuracy enhancement: 0
         ssssssssssssssssssssssssssssssssssssssssss

1xN012:  ------------------------------------------------------------------------------
         PBA fill limit is applied in inverse mode.
         PBA fill limit is applied on faces filled with at least 94.33% metal material.
         --------------------------------------------------------------
         detailed accuracy settings:
         --------------------------------------------------------------
         augmented fill limit:       true
         augmented fill limit value: 94.33
         automatic fill limit:       true
         early fill limit:           true
         inverse fill limit:         true
         model complexity:           0.00
         legacy 2015:                false
         fixed point accuracy:       false
         minimum point accuracy:     0
         mesh step inheritance:      false
         accuracy mode:
         ------------------------------------------------------------------------------

1xN012:  =================================
         Finished matrix computation (PBA)
         =================================

1xN012:  <<<<<<<<<<<<<<<<<<<<<<<<<<<<<<<<<<<<<<<<<<<<<<<<<<<<<<<<<<<<
         2022 Jun 16 (Thu):  14:25:24
         Resource usage for calculating matrix coefficients per node:
         	Runtime                                 2.92 seconds
         	Peak Memory Estimation:                   88 MB
         	Peak Memory Usage:                        50 MB
         <<<<<<<<<<<<<<<<<<<<<<<<<<<<<<<<<<<<<<<<<<<<<<<<<<<<<<<<<<<<



-------------------------------------------------------------------------------------------------------------------
AXG prep time: 0 sec
PBAMeshFeedback - InfoMap: 0[ms] - SBCell navigation: 0[ms] - CornerCorrectionLinesAndWires: 0[ms] - Write: 1[ms]
ConnectivityAXG - Load: 7[ms] - Setup: 0[ms] - Convert: 0[ms] ( Groups: 3 - Shapes: 3 - Threads: 4 ) - Write: 1[ms]
-------------------------------------------------------------------------------------------------------------------

--------------------------------
# of staircase filled cells: 0
# of staircase filled areas: 0
# of staircase filled edges: 0
# of faces above fill limit: 0
# of edges with FPBA topology: 0
--------------------------------

